<?xml version="1.0" encoding="UTF-8"?>
<testng-results skipped="0" failed="0" ignored="0" total="1" passed="1">
  <reporter-output>
  </reporter-output>
  <suite name="Surefire suite" duration-ms="114" started-at="2019-11-23T15:54:32 EST" finished-at="2019-11-23T15:54:32 EST">
    <groups>
    </groups>
    <test name="Surefire test" duration-ms="114" started-at="2019-11-23T15:54:32 EST" finished-at="2019-11-23T15:54:32 EST">
      <class name="pageObject.AppTest">
        <test-method status="PASS" signature="shouldAnswerWithTrue()" name="shouldAnswerWithTrue" duration-ms="13" started-at="2019-11-23T15:54:32 EST" finished-at="2019-11-23T15:54:32 EST">
          <reporter-output>
          </reporter-output>
        </test-method> <!-- shouldAnswerWithTrue -->
      </class> <!-- pageObject.AppTest -->
    </test> <!-- Surefire test -->
  </suite> <!-- Surefire suite -->
</testng-results>
