<?xml version="1.0" encoding="UTF-8"?>
<!-- Generated by org.testng.reporters.JUnitXMLReporter -->
<testsuite hostname="LAPTOP-B61QD0RI" ignored="0" name="Default test" tests="3" failures="0" timestamp="2019-11-28T12:32:22 EST" time="27.012" errors="0">
  <testcase name="login" time="13.225" classname="pageObject.LoginTest"/>
  <testcase name="login" time="6.961" classname="pageObject.LoginTest"/>
  <testcase name="signup" time="3.697" classname="pageObject.LoginTest"/>
</testsuite> <!-- Default test -->
