<?xml version="1.0" encoding="UTF-8"?>
<testng-results skipped="0" failed="0" ignored="0" total="1" passed="1">
  <reporter-output>
  </reporter-output>
  <suite name="Surefire suite" duration-ms="27383" started-at="2019-11-23T15:54:04 EST" finished-at="2019-11-23T15:54:31 EST">
    <groups>
    </groups>
    <test name="Surefire test" duration-ms="27383" started-at="2019-11-23T15:54:04 EST" finished-at="2019-11-23T15:54:31 EST">
      <class name="pageObject.LoginTest">
        <test-method status="PASS" signature="login(java.lang.String, java.lang.String)[pri:0, instance:pageObject.LoginTest@464bee09]" name="login" duration-ms="27295" started-at="2019-11-23T15:54:04 EST" data-provider="getdata" finished-at="2019-11-23T15:54:31 EST">
          <params>
            <param index="0">
              <value>
                <![CDATA[bhangu007@gmail.com]]>
              </value>
            </param>
            <param index="1">
              <value>
                <![CDATA[secretoflife]]>
              </value>
            </param>
          </params>
          <reporter-output>
          </reporter-output>
        </test-method> <!-- login -->
        <test-method status="PASS" signature="quit()[pri:0, instance:pageObject.LoginTest@464bee09]" name="quit" is-config="true" duration-ms="2" started-at="2019-11-23T15:54:31 EST" finished-at="2019-11-23T15:54:31 EST">
          <reporter-output>
          </reporter-output>
        </test-method> <!-- quit -->
      </class> <!-- pageObject.LoginTest -->
    </test> <!-- Surefire test -->
  </suite> <!-- Surefire suite -->
</testng-results>
