<?xml version="1.0" encoding="UTF-8"?>
<!-- Generated by org.testng.reporters.JUnitXMLReporter -->
<testsuite hostname="LAPTOP-B61QD0RI" ignored="0" name="verify User login" tests="2" failures="0" timestamp="2019-12-06T14:15:54 EST" time="30.677" errors="0">
  <testcase name="runScenario" time="19.121" classname="cucumber.api.testng.AbstractTestNGCucumberTests"/>
  <testcase name="runScenario" time="11.205" classname="cucumber.api.testng.AbstractTestNGCucumberTests"/>
</testsuite> <!-- verify User login -->
