<?xml version="1.0" encoding="UTF-8" ?>
<testsuite tests="3" failures="1" name="pageObject.LoginTest" time="33.951" errors="0" skipped="0">
  <properties>
[...]
</properties>
  <testcase classname="pageObject.LoginTest" name="login" time="18.434"/>
  <testcase classname="pageObject.LoginTest" name="login" time="11.704"/>
  <testcase classname="pageObject.LoginTest" name="signup" time="3.813">
    <failure message="did not expect to find [true] but found [false]" type="java.lang.AssertionError">java.lang.AssertionError: did not expect to find [true] but found [false]
	at org.testng.Assert.fail(Assert.java:97)
	at org.testng.Assert.failNotEquals(Assert.java:969)
	at org.testng.Assert.assertTrue(Assert.java:43)
	at org.testng.Assert.assertTrue(Assert.java:53)
	at pageObject.LoginTest.signup(LoginTest.java:49)
</failure>
    <system-out>Google
</system-out>
    <system-err>Starting ChromeDriver 2.37.544315 (730aa6a5fdba159ac9f4c1e8cbc59bf1b5ce12b7) on port 29639
Only local connections are allowed.
Dec 06, 2019 2:24:45 PM org.openqa.selenium.remote.ProtocolHandshake createSession
INFO: Detected dialect: OSS
</system-err>
  </testcase>
</testsuite>